Using base prefix '/cvmfs/soft.computecanada.ca/easybuild/software/2017/Core/python/3.7.4'
New python executable in /localscratch/yacine08.8264641.0/env/bin/python
Installing setuptools, pip, wheel...
done.
Ignoring pip: markers 'python_version < "3"' don't match your environment
Looking in links: /cvmfs/soft.computecanada.ca/custom/python/wheelhouse/nix/avx512, /cvmfs/soft.computecanada.ca/custom/python/wheelhouse/nix/avx2, /cvmfs/soft.computecanada.ca/custom/python/wheelhouse/nix/generic, /cvmfs/soft.computecanada.ca/custom/python/wheelhouse/generic
Requirement already up-to-date: pip in /localscratch/yacine08.8264641.0/env/lib/python3.7/site-packages (19.1.1)
Ignoring pip: markers 'python_version < "3"' don't match your environment
Looking in links: /cvmfs/soft.computecanada.ca/custom/python/wheelhouse/nix/avx512, /cvmfs/soft.computecanada.ca/custom/python/wheelhouse/nix/avx2, /cvmfs/soft.computecanada.ca/custom/python/wheelhouse/nix/generic, /cvmfs/soft.computecanada.ca/custom/python/wheelhouse/generic
Collecting scikit-learn
Collecting numpy>=1.13.3 (from scikit-learn)
Collecting joblib>=0.11 (from scikit-learn)
Collecting scipy>=0.19.1 (from scikit-learn)
Collecting threadpoolctl>=2.0.0 (from scikit-learn)
Installing collected packages: numpy, joblib, scipy, threadpoolctl, scikit-learn
Successfully installed joblib-0.15.1 numpy-1.18.1 scikit-learn-0.23.0 scipy-1.4.1 threadpoolctl-2.0.0
Ignoring pip: markers 'python_version < "3"' don't match your environment
Looking in links: /cvmfs/soft.computecanada.ca/custom/python/wheelhouse/nix/avx512, /cvmfs/soft.computecanada.ca/custom/python/wheelhouse/nix/avx2, /cvmfs/soft.computecanada.ca/custom/python/wheelhouse/nix/generic, /cvmfs/soft.computecanada.ca/custom/python/wheelhouse/generic
Collecting pandas
Requirement already satisfied: numpy>=1.13.3 in /localscratch/yacine08.8264641.0/env/lib/python3.7/site-packages (from pandas) (1.18.1)
Collecting python-dateutil>=2.6.1 (from pandas)
Collecting pytz>=2017.2 (from pandas)
Collecting six>=1.5 (from python-dateutil>=2.6.1->pandas)
Installing collected packages: six, python-dateutil, pytz, pandas
Successfully installed pandas-1.0.3 python-dateutil-2.8.1 pytz-2020.1 six-1.15.0
Traceback (most recent call last):
  File "find_best_params.py", line 65, in <module>
    gs = create_gridsearch_pipeline()
  File "/lustre03/project/6010672/yacine08/eeg-pain-detection/projects/publish_a_paper_on_pain_detection_using_eeg_and_ml/neurips_2020_paper_submission/ml_tools/classification.py", line 193, in create_gridsearch_pipeline
    {'clf': [SVC()],
NameError: name 'SVC' is not defined
